<?xml version="1.0" encoding="UTF-8"?>
<!-- Generated by org.testng.reporters.JUnitReportReporter -->
<testsuite hostname="DESKTOP-DFCJ09J" failures="0" tests="2" name="Tests.SauceDemoTest" time="0.783" errors="0" timestamp="2022-06-28T00:18:02 ART" skipped="0">
  <testcase classname="Tests.SauceDemoTest" name="iniciarSesion" time="0.278"/>
  <system-out/>
  <testcase classname="Tests.SauceDemoTest" name="realizarCompra" time="0.505"/>
  <system-out/>
</testsuite> <!-- Tests.SauceDemoTest -->
